<?xml version="1.0" encoding="UTF-8" standalone="yes"?><!DOCTYPE report PUBLIC "-//JACOCO//DTD Report 1.0//EN" "report.dtd"><report name="JaCoCo"><sessioninfo id="DESKTOP-C0I6FMR-40ad72fd" start="1574590084565" dump="1574590084821"/><sessioninfo id="DESKTOP-C0I6FMR-14f014f6" start="1574592002129" dump="1574592002367"/><sessioninfo id="DESKTOP-C0I6FMR-5a8445fa" start="1574604826385" dump="1574604826639"/><sessioninfo id="DESKTOP-C0I6FMR-57309e65" start="1574605954524" dump="1574605955006"/><sessioninfo id="DESKTOP-C0I6FMR-8e9494ca" start="1574606147866" dump="1574606148104"/><sessioninfo id="DESKTOP-C0I6FMR-8474bd42" start="1574606619014" dump="1574606619282"/><sessioninfo id="DESKTOP-C0I6FMR-2dc0b091" start="1574606646871" dump="1574606647126"/><sessioninfo id="DESKTOP-C0I6FMR-65507e72" start="1574606800632" dump="1574606800871"/><sessioninfo id="DESKTOP-C0I6FMR-1ff0f464" start="1574607252121" dump="1574607252367"/><sessioninfo id="DESKTOP-C0I6FMR-87036257" start="1574607378410" dump="1574607378662"/><sessioninfo id="DESKTOP-C0I6FMR-5c55581e" start="1574607396923" dump="1574607397173"/><sessioninfo id="DESKTOP-C0I6FMR-37dcd64" start="1574607428851" dump="1574607429114"/><sessioninfo id="DESKTOP-C0I6FMR-1e100b7a" start="1574607515053" dump="1574607515295"/><sessioninfo id="DESKTOP-C0I6FMR-bddbad9e" start="1574607565230" dump="1574607565469"/><sessioninfo id="DESKTOP-C0I6FMR-fe25f7c5" start="1574607644526" dump="1574607644766"/><sessioninfo id="DESKTOP-C0I6FMR-c72814b" start="1574607981875" dump="1574607982112"/><sessioninfo id="DESKTOP-C0I6FMR-848107b2" start="1574608204380" dump="1574608204621"/><sessioninfo id="DESKTOP-C0I6FMR-582c5289" start="1574608305814" dump="1574608306060"/><sessioninfo id="DESKTOP-C0I6FMR-7df4cadc" start="1574608390934" dump="1574608391190"/><sessioninfo id="DESKTOP-C0I6FMR-de33ed7c" start="1574608534546" dump="1574608534791"/><sessioninfo id="DESKTOP-C0I6FMR-1129547f" start="1574608588239" dump="1574608588506"/><sessioninfo id="DESKTOP-C0I6FMR-bde62ed0" start="1574609019301" dump="1574609019622"/><sessioninfo id="DESKTOP-C0I6FMR-a6eb7273" start="1574609111979" dump="1574609112221"/><sessioninfo id="DESKTOP-C0I6FMR-1bf2b3e5" start="1574609179605" dump="1574609179874"/><sessioninfo id="DESKTOP-C0I6FMR-467437f4" start="1574609321931" dump="1574609322286"/><sessioninfo id="DESKTOP-C0I6FMR-693898fa" start="1574609421047" dump="1574609421293"/><sessioninfo id="DESKTOP-C0I6FMR-ee9aab8c" start="1574609493382" dump="1574609493617"/><sessioninfo id="DESKTOP-C0I6FMR-6f59bcf4" start="1574609653048" dump="1574609653298"/><sessioninfo id="DESKTOP-C0I6FMR-5ac223b9" start="1574609864688" dump="1574609864927"/><sessioninfo id="DESKTOP-C0I6FMR-75095a3c" start="1574610058717" dump="1574610058957"/><sessioninfo id="DESKTOP-C0I6FMR-26c55294" start="1574610217049" dump="1574610217293"/><sessioninfo id="DESKTOP-C0I6FMR-6a080324" start="1574610256445" dump="1574610256691"/><sessioninfo id="DESKTOP-C0I6FMR-b9f6fdda" start="1574610461972" dump="1574610462209"/><sessioninfo id="DESKTOP-C0I6FMR-96631af0" start="1574610723627" dump="1574610723878"/><sessioninfo id="DESKTOP-C0I6FMR-e00d3834" start="1574610951228" dump="1574610951475"/><sessioninfo id="DESKTOP-C0I6FMR-3c61b18a" start="1574611544842" dump="1574611545122"/><sessioninfo id="DESKTOP-C0I6FMR-f1ff51a" start="1574611657376" dump="1574611657627"/><sessioninfo id="DESKTOP-C0I6FMR-e55fbbcd" start="1574611725027" dump="1574611725279"/><sessioninfo id="DESKTOP-C0I6FMR-6d562b10" start="1574611755722" dump="1574611755969"/><sessioninfo id="DESKTOP-C0I6FMR-eddfbcfb" start="1574611793924" dump="1574611794175"/><sessioninfo id="DESKTOP-C0I6FMR-9e5c4a06" start="1574611917033" dump="1574611917285"/><sessioninfo id="DESKTOP-C0I6FMR-a311a27" start="1574612652931" dump="1574612653189"/><sessioninfo id="DESKTOP-C0I6FMR-c3eee5b2" start="1574612700744" dump="1574612700989"/><sessioninfo id="DESKTOP-C0I6FMR-9a4fce7d" start="1574612791713" dump="1574612791968"/><sessioninfo id="DESKTOP-C0I6FMR-5e3848c1" start="1574612982538" dump="1574612982784"/><sessioninfo id="DESKTOP-C0I6FMR-fac9962" start="1574613834332" dump="1574613834578"/><sessioninfo id="DESKTOP-C0I6FMR-c4b02974" start="1574615013161" dump="1574615013412"/><sessioninfo id="DESKTOP-C0I6FMR-480a4966" start="1574615031365" dump="1574615031623"/><sessioninfo id="DESKTOP-C0I6FMR-98e78911" start="1574615331638" dump="1574615331892"/><sessioninfo id="DESKTOP-C0I6FMR-738b993c" start="1574615614208" dump="1574615614466"/><sessioninfo id="DESKTOP-C0I6FMR-c1d15494" start="1574615726536" dump="1574615726789"/><sessioninfo id="DESKTOP-C0I6FMR-fa7d3ff3" start="1574615742439" dump="1574615742693"/><sessioninfo id="DESKTOP-C0I6FMR-e5fd56f9" start="1574615867798" dump="1574615868050"/><sessioninfo id="DESKTOP-C0I6FMR-69257ae9" start="1574615950629" dump="1574615950877"/><sessioninfo id="DESKTOP-C0I6FMR-bad41736" start="1574615957272" dump="1574615957530"/><sessioninfo id="DESKTOP-C0I6FMR-4287fe33" start="1574615977450" dump="1574615977693"/><sessioninfo id="DESKTOP-C0I6FMR-4669972f" start="1574648890973" dump="1574648891732"/><sessioninfo id="DESKTOP-C0I6FMR-2f7f957e" start="1574648911144" dump="1574648911623"/><sessioninfo id="DESKTOP-C0I6FMR-55b5a468" start="1574648930912" dump="1574648931281"/><sessioninfo id="DESKTOP-C0I6FMR-bd1713e" start="1574649228842" dump="1574649229266"/><sessioninfo id="DESKTOP-C0I6FMR-82429c98" start="1574649300204" dump="1574649300599"/><sessioninfo id="DESKTOP-C0I6FMR-5be3a105" start="1574649343332" dump="1574649343748"/><sessioninfo id="DESKTOP-C0I6FMR-f8919737" start="1574649377790" dump="1574649378168"/><package name="com/test/jacoco"><class name="com/test/jacoco/HelloWorld"><method name="&lt;init&gt;" desc="()V" line="9"><counter type="INSTRUCTION" missed="0" covered="3"/><counter type="LINE" missed="0" covered="2"/><counter type="COMPLEXITY" missed="0" covered="1"/><counter type="METHOD" missed="0" covered="1"/></method><method name="Method1" desc="()Ljava/lang/String;" line="14"><counter type="INSTRUCTION" missed="0" covered="2"/><counter type="LINE" missed="0" covered="1"/><counter type="COMPLEXITY" missed="0" covered="1"/><counter type="METHOD" missed="0" covered="1"/></method><method name="Method2" desc="(II)I" line="18"><counter type="INSTRUCTION" missed="0" covered="4"/><counter type="LINE" missed="0" covered="1"/><counter type="COMPLEXITY" missed="0" covered="1"/><counter type="METHOD" missed="0" covered="1"/></method><method name="Method3" desc="(III)I" line="22"><counter type="INSTRUCTION" missed="0" covered="26"/><counter type="BRANCH" missed="0" covered="10"/><counter type="LINE" missed="0" covered="6"/><counter type="COMPLEXITY" missed="0" covered="6"/><counter type="METHOD" missed="0" covered="1"/></method><method name="Method4" desc="(IIIIF)I" line="34"><counter type="INSTRUCTION" missed="0" covered="25"/><counter type="BRANCH" missed="0" covered="8"/><counter type="LINE" missed="0" covered="7"/><counter type="COMPLEXITY" missed="0" covered="5"/><counter type="METHOD" missed="0" covered="1"/></method><method name="bug" desc="(I)Z" line="45"><counter type="INSTRUCTION" missed="0" covered="7"/><counter type="BRANCH" missed="0" covered="2"/><counter type="LINE" missed="0" covered="2"/><counter type="COMPLEXITY" missed="0" covered="2"/><counter type="METHOD" missed="0" covered="1"/></method><method name="isTriangle" desc="(III)Z" line="55"><counter type="INSTRUCTION" missed="0" covered="27"/><counter type="BRANCH" missed="0" covered="12"/><counter type="LINE" missed="0" covered="5"/><counter type="COMPLEXITY" missed="0" covered="7"/><counter type="METHOD" missed="0" covered="1"/></method><method name="isBirthday" desc="(III)Z" line="68"><counter type="INSTRUCTION" missed="0" covered="98"/><counter type="BRANCH" missed="0" covered="30"/><counter type="LINE" missed="0" covered="18"/><counter type="COMPLEXITY" missed="0" covered="16"/><counter type="METHOD" missed="0" covered="1"/></method><method name="miniCalculator" desc="(DDC)Ljava/lang/Double;" line="95"><counter type="INSTRUCTION" missed="0" covered="41"/><counter type="BRANCH" missed="0" covered="10"/><counter type="LINE" missed="0" covered="10"/><counter type="COMPLEXITY" missed="0" covered="6"/><counter type="METHOD" missed="0" covered="1"/></method><counter type="INSTRUCTION" missed="0" covered="233"/><counter type="BRANCH" missed="0" covered="72"/><counter type="LINE" missed="0" covered="52"/><counter type="COMPLEXITY" missed="0" covered="45"/><counter type="METHOD" missed="0" covered="9"/><counter type="CLASS" missed="0" covered="1"/></class><sourcefile name="HelloWorld.java"><line nr="9" mi="0" ci="2" mb="0" cb="0"/><line nr="11" mi="0" ci="1" mb="0" cb="0"/><line nr="14" mi="0" ci="2" mb="0" cb="0"/><line nr="18" mi="0" ci="4" mb="0" cb="0"/><line nr="22" mi="0" ci="7" mb="0" cb="6"/><line nr="23" mi="0" ci="4" mb="0" cb="0"/><line nr="25" mi="0" ci="6" mb="0" cb="4"/><line nr="26" mi="0" ci="4" mb="0" cb="0"/><line nr="29" mi="0" ci="3" mb="0" cb="0"/><line nr="31" mi="0" ci="2" mb="0" cb="0"/><line nr="34" mi="0" ci="2" mb="0" cb="2"/><line nr="35" mi="0" ci="2" mb="0" cb="0"/><line nr="37" mi="0" ci="2" mb="0" cb="0"/><line nr="38" mi="0" ci="10" mb="0" cb="6"/><line nr="39" mi="0" ci="2" mb="0" cb="0"/><line nr="41" mi="0" ci="5" mb="0" cb="0"/><line nr="42" mi="0" ci="2" mb="0" cb="0"/><line nr="45" mi="0" ci="5" mb="0" cb="2"/><line nr="46" mi="0" ci="2" mb="0" cb="0"/><line nr="55" mi="0" ci="6" mb="0" cb="6"/><line nr="56" mi="0" ci="2" mb="0" cb="0"/><line nr="57" mi="0" ci="15" mb="0" cb="6"/><line nr="58" mi="0" ci="2" mb="0" cb="0"/><line nr="60" mi="0" ci="2" mb="0" cb="0"/><line nr="68" mi="0" ci="31" mb="0" cb="0"/><line nr="70" mi="0" ci="6" mb="0" cb="4"/><line nr="71" mi="0" ci="2" mb="0" cb="0"/><line nr="72" mi="0" ci="5" mb="0" cb="4"/><line nr="73" mi="0" ci="2" mb="0" cb="0"/><line nr="74" mi="0" ci="5" mb="0" cb="4"/><line nr="75" mi="0" ci="2" mb="0" cb="0"/><line nr="76" mi="0" ci="6" mb="0" cb="4"/><line nr="77" mi="0" ci="2" mb="0" cb="0"/><line nr="78" mi="0" ci="3" mb="0" cb="2"/><line nr="79" mi="0" ci="7" mb="0" cb="4"/><line nr="80" mi="0" ci="2" mb="0" cb="0"/><line nr="81" mi="0" ci="7" mb="0" cb="4"/><line nr="82" mi="0" ci="2" mb="0" cb="0"/><line nr="83" mi="0" ci="5" mb="0" cb="0"/><line nr="84" mi="0" ci="7" mb="0" cb="4"/><line nr="85" mi="0" ci="2" mb="0" cb="0"/><line nr="86" mi="0" ci="2" mb="0" cb="0"/><line nr="95" mi="0" ci="2" mb="0" cb="0"/><line nr="96" mi="0" ci="3" mb="0" cb="2"/><line nr="97" mi="0" ci="5" mb="0" cb="0"/><line nr="98" mi="0" ci="3" mb="0" cb="2"/><line nr="99" mi="0" ci="5" mb="0" cb="0"/><line nr="100" mi="0" ci="3" mb="0" cb="2"/><line nr="101" mi="0" ci="5" mb="0" cb="0"/><line nr="102" mi="0" ci="7" mb="0" cb="4"/><line nr="103" mi="0" ci="5" mb="0" cb="0"/><line nr="105" mi="0" ci="3" mb="0" cb="0"/><counter type="INSTRUCTION" missed="0" covered="233"/><counter type="BRANCH" missed="0" covered="72"/><counter type="LINE" missed="0" covered="52"/><counter type="COMPLEXITY" missed="0" covered="45"/><counter type="METHOD" missed="0" covered="9"/><counter type="CLASS" missed="0" covered="1"/></sourcefile><counter type="INSTRUCTION" missed="0" covered="233"/><counter type="BRANCH" missed="0" covered="72"/><counter type="LINE" missed="0" covered="52"/><counter type="COMPLEXITY" missed="0" covered="45"/><counter type="METHOD" missed="0" covered="9"/><counter type="CLASS" missed="0" covered="1"/></package><counter type="INSTRUCTION" missed="0" covered="233"/><counter type="BRANCH" missed="0" covered="72"/><counter type="LINE" missed="0" covered="52"/><counter type="COMPLEXITY" missed="0" covered="45"/><counter type="METHOD" missed="0" covered="9"/><counter type="CLASS" missed="0" covered="1"/></report>